<?xml version="1.0" encoding="UTF-8"?>
<testng-results ignored="0" total="6" passed="6" failed="0" skipped="0">
  <reporter-output>
  </reporter-output>
  <suite started-at="2021-04-24T18:39:34Z" name="Suite" finished-at="2021-04-24T18:39:34Z" duration-ms="45">
    <groups>
    </groups>
    <test started-at="2021-04-24T18:39:34Z" name="Test" finished-at="2021-04-24T18:39:34Z" duration-ms="45">
      <class name="qaclickacademy.Mavenjava.AppiumTest">
        <test-method signature="IOSApps()[pri:0, instance:qaclickacademy.Mavenjava.AppiumTest@1b11171f]" started-at="2021-04-25T00:09:34Z" name="IOSApps" finished-at="2021-04-25T00:09:34Z" duration-ms="1" status="PASS">
          <reporter-output>
          </reporter-output>
        </test-method> <!-- IOSApps -->
        <test-method signature="nativeAppAndroid()[pri:0, instance:qaclickacademy.Mavenjava.AppiumTest@1b11171f]" started-at="2021-04-25T00:09:34Z" name="nativeAppAndroid" finished-at="2021-04-25T00:09:34Z" duration-ms="1" status="PASS">
          <reporter-output>
          </reporter-output>
        </test-method> <!-- nativeAppAndroid -->
      </class> <!-- qaclickacademy.Mavenjava.AppiumTest -->
      <class name="qaclickacademy.Mavenjava.RESTAPITest">
        <test-method signature="deleteTwitter()[pri:0, instance:qaclickacademy.Mavenjava.RESTAPITest@26e356f0]" started-at="2021-04-25T00:09:34Z" name="deleteTwitter" finished-at="2021-04-25T00:09:34Z" duration-ms="9" status="PASS">
          <reporter-output>
          </reporter-output>
        </test-method> <!-- deleteTwitter -->
        <test-method signature="postJira()[pri:0, instance:qaclickacademy.Mavenjava.RESTAPITest@26e356f0]" started-at="2021-04-25T00:09:34Z" name="postJira" finished-at="2021-04-25T00:09:34Z" duration-ms="1" status="PASS">
          <reporter-output>
          </reporter-output>
        </test-method> <!-- postJira -->
      </class> <!-- qaclickacademy.Mavenjava.RESTAPITest -->
      <class name="qaclickacademy.Mavenjava.SeleniumTest">
        <test-method signature="BrowserAutomation()[pri:0, instance:qaclickacademy.Mavenjava.SeleniumTest@1151e434]" started-at="2021-04-25T00:09:34Z" name="BrowserAutomation" finished-at="2021-04-25T00:09:34Z" duration-ms="0" status="PASS">
          <reporter-output>
          </reporter-output>
        </test-method> <!-- BrowserAutomation -->
        <test-method signature="elementsUI()[pri:0, instance:qaclickacademy.Mavenjava.SeleniumTest@1151e434]" started-at="2021-04-25T00:09:34Z" name="elementsUI" finished-at="2021-04-25T00:09:34Z" duration-ms="2" status="PASS">
          <reporter-output>
          </reporter-output>
        </test-method> <!-- elementsUI -->
      </class> <!-- qaclickacademy.Mavenjava.SeleniumTest -->
    </test> <!-- Test -->
  </suite> <!-- Suite -->
</testng-results>
